<?xml version="1.0" encoding="UTF-8"?>
<!-- Generated by org.testng.reporters.JUnitReportReporter -->
<testsuite skipped="0" hostname="DESKTOP-F3U0IGT" name="com.inetbanking.testCases.TC_LoginTest_001" tests="1" failures="0" timestamp="24 Oct 2018 20:22:16 GMT" time="7.097" errors="0">
  <testcase name="loginTest" time="7.097" classname="com.inetbanking.testCases.TC_LoginTest_001"/>
</testsuite> <!-- com.inetbanking.testCases.TC_LoginTest_001 -->
